<?xml version="1.0" encoding="UTF-8"?>
<testsuite name="com.curso.qa.runners.FormularioRegistro" tests="0" skipped="0" failures="0" errors="0" timestamp="1970-01-01T00:00:00" hostname="MacBook-Pro-de-Macbook-2.local" time="0.0">
  <properties/>
  <system-out><![CDATA[15:19:28.328 [Test worker] DEBUG net.thucydides.core.util.PropertiesFileLocalPreferences - LOADING LOCAL PROPERTIES FROM /Users/macbookpro/IdeaProjects/com.curso.qa/serenity.properties 
15:19:28.608 [Test worker] DEBUG net.thucydides.core.util.PropertiesFileLocalPreferences - LOADING LOCAL PROPERTIES FROM /Users/macbookpro/IdeaProjects/com.curso.qa/serenity.properties 
15:19:28.610 [Test worker] DEBUG net.thucydides.core.util.PropertiesFileLocalPreferences - LOADING LOCAL PROPERTIES FROM /Users/macbookpro/IdeaProjects/com.curso.qa/serenity.properties 
15:19:28.666 [Test worker] DEBUG net.thucydides.core.util.PropertiesFileLocalPreferences - serenity.take.screenshots.for.interactions=FOR_FAILURES
15:19:28.667 [Test worker] DEBUG net.thucydides.core.util.PropertiesFileLocalPreferences - webdriver.driver=chrome
15:19:28.668 [Test worker] DEBUG net.thucydides.core.util.PropertiesFileLocalPreferences - chrome.capabilities.incognito=true
15:19:28.669 [Test worker] DEBUG net.thucydides.core.util.PropertiesFileLocalPreferences - serenity.take.screenshots.for.questions=AFTER_EACH_STEP
15:19:28.669 [Test worker] DEBUG net.thucydides.core.util.PropertiesFileLocalPreferences - serenity.test.root=starter
15:19:28.670 [Test worker] DEBUG net.thucydides.core.util.PropertiesFileLocalPreferences - chrome.capabilities.acceptSslCerts=true
15:19:28.670 [Test worker] DEBUG net.thucydides.core.util.PropertiesFileLocalPreferences - serenity.console.colors=true
15:19:28.671 [Test worker] DEBUG net.thucydides.core.util.PropertiesFileLocalPreferences - chrome_preferences.pdfjs.disabled=true
15:19:28.671 [Test worker] DEBUG net.thucydides.core.util.PropertiesFileLocalPreferences - serenity.take.screenshots.for.tasks=AFTER_EACH_STEP
15:19:28.672 [Test worker] DEBUG net.thucydides.core.util.PropertiesFileLocalPreferences - serenity.use.unique.browser=true
15:19:28.673 [Test worker] DEBUG net.thucydides.core.util.PropertiesFileLocalPreferences - chrome_preferences.profile_default_content_settings.popups=0
15:19:28.675 [Test worker] DEBUG net.thucydides.core.util.PropertiesFileLocalPreferences - serenity.base.url=https://www.phptravels.net
15:19:28.678 [Test worker] DEBUG net.thucydides.core.util.PropertiesFileLocalPreferences - serenity.browser.maximized=true
15:19:29.584 [Test worker] DEBUG net.thucydides.core.util.PropertiesFileLocalPreferences - LOADING LOCAL PROPERTIES FROM /Users/macbookpro/IdeaProjects/com.curso.qa/serenity.properties 
15:19:29.681 [Test worker] DEBUG net.thucydides.core.util.PropertiesFileLocalPreferences - LOADING LOCAL PROPERTIES FROM /Users/macbookpro/IdeaProjects/com.curso.qa/serenity.properties 
15:19:29.683 [Test worker] DEBUG net.thucydides.core.util.PropertiesFileLocalPreferences - LOADING LOCAL PROPERTIES FROM /Users/macbookpro/IdeaProjects/com.curso.qa/serenity.properties 
15:19:29.684 [Test worker] DEBUG net.thucydides.core.util.PropertiesFileLocalPreferences - serenity.take.screenshots.for.interactions=FOR_FAILURES
15:19:29.685 [Test worker] DEBUG net.thucydides.core.util.PropertiesFileLocalPreferences - webdriver.driver=chrome
15:19:29.686 [Test worker] DEBUG net.thucydides.core.util.PropertiesFileLocalPreferences - chrome.capabilities.incognito=true
15:19:29.686 [Test worker] DEBUG net.thucydides.core.util.PropertiesFileLocalPreferences - serenity.take.screenshots.for.questions=AFTER_EACH_STEP
15:19:29.687 [Test worker] DEBUG net.thucydides.core.util.PropertiesFileLocalPreferences - serenity.test.root=starter
15:19:29.687 [Test worker] DEBUG net.thucydides.core.util.PropertiesFileLocalPreferences - chrome.capabilities.acceptSslCerts=true
15:19:29.688 [Test worker] DEBUG net.thucydides.core.util.PropertiesFileLocalPreferences - serenity.console.colors=true
15:19:29.688 [Test worker] DEBUG net.thucydides.core.util.PropertiesFileLocalPreferences - chrome_preferences.pdfjs.disabled=true
15:19:29.689 [Test worker] DEBUG net.thucydides.core.util.PropertiesFileLocalPreferences - serenity.take.screenshots.for.tasks=AFTER_EACH_STEP
15:19:29.689 [Test worker] DEBUG net.thucydides.core.util.PropertiesFileLocalPreferences - serenity.use.unique.browser=true
15:19:29.690 [Test worker] DEBUG net.thucydides.core.util.PropertiesFileLocalPreferences - chrome_preferences.profile_default_content_settings.popups=0
15:19:29.691 [Test worker] DEBUG net.thucydides.core.util.PropertiesFileLocalPreferences - serenity.base.url=https://www.phptravels.net
15:19:29.691 [Test worker] DEBUG net.thucydides.core.util.PropertiesFileLocalPreferences - serenity.browser.maximized=true
15:19:29.706 [Test worker] INFO net.thucydides.core.steps.ConsoleLoggingListener - ?[96m

-------------------------------------------------------------------------------------
     _______. _______ .______       _______ .__   __.  __  .___________.____    ____ 
    /       ||   ____||   _  \     |   ____||  \ |  | |  | |           |\   \  /   / 
   |   (----`|  |__   |  |_)  |    |  |__   |   \|  | |  | `---|  |----` \   \/   /  
    \   \    |   __|  |      /     |   __|  |  . `  | |  |     |  |       \_    _/   
.----)   |   |  |____ |  |\  \----.|  |____ |  |\   | |  |     |  |         |  |     
|_______/    |_______|| _| `._____||_______||__| \__| |__|     |__|         |__|    
                                                                                     
 News and tutorials at http://www.serenity-bdd.info                                  
 Documentation at https://wakaleo.gitbooks.io/the-serenity-book/content/             
 Join the Serenity Community on Rocket Chat at https://serenity-bdd.rocket.chat      
 Serenity BDD Support and Training at http://serenity-bdd.info/#/trainingandsupport  
 Learn Serenity BDD online at http://serenity-dojo.com                               
-------------------------------------------------------------------------------------
?[0m
15:19:29.736 [Test worker] DEBUG net.thucydides.core.steps.StepEventBus - Test suite started for story net.thucydides.core.model.Story@3756ebc4
15:19:29.741 [Test worker] INFO net.thucydides.core.steps.ConsoleLoggingListener - Test Suite Started: Registro de nuevos usuarios
15:19:29.872 [Test worker] INFO net.thucydides.core.steps.ConsoleLoggingListener - 
 _____ _____ ____ _____   ____ _____  _    ____ _____ _____ ____  
|_   _| ____/ ___|_   _| / ___|_   _|/ \  |  _ \_   _| ____|  _ \ 
  | | |  _| \___ \ | |   \___ \ | | / _ \ | |_) || | |  _| | | | |
  | | | |___ ___) || |    ___) || |/ ___ \|  _ < | | | |___| |_| |
  |_| |_____|____/ |_|   |____/ |_/_/   \_\_| \_\|_| |_____|____/ 
                                                                  

TEST STARTED: Creacion exitosa de un usuario nuevo
-------------------------------------------------------------------(registro-de-nuevos-usuarios;creacion-exitosa-de-un-usuario-nuevo)
15:19:30.013 [Test worker] DEBUG net.thucydides.core.requirements.model.cucumber.CucumberParser - Found no Cucumber 4.2.6 class cucumber.runtime.model.FeatureLoader try Cucumber 4.2.0 
15:19:30.014 [Test worker] DEBUG net.thucydides.core.requirements.model.cucumber.CucumberParser - Found no Cucumber 4.2.0 class cucumber.runtime.model.FeatureLoader try Cucumber 2.x.x 
15:20:26.160 [Test worker] DEBUG net.thucydides.core.reports.ReportService - Reporting formats: [JSON, HTML]
15:20:26.432 [Test worker] DEBUG net.thucydides.core.reports.ReportService - Reporting formats: [JSON, HTML]
15:20:26.530 [Test worker] DEBUG net.thucydides.core.reports.ReportService - Generating reports for 1 test outcomes using: net.thucydides.core.reports.json.JSONTestOutcomeReporter@a460744
15:20:26.539 [pool-1-thread-1] DEBUG net.thucydides.core.reports.ReportService - Processing test outcome Registro de nuevos usuarios:Creacion exitosa de un usuario nuevo
15:20:26.540 [pool-1-thread-1] DEBUG net.thucydides.core.reports.ReportService - net.thucydides.core.reports.json.JSONTestOutcomeReporter@a460744: Generating report for test outcome: Registro de nuevos usuarios:Creacion exitosa de un usuario nuevo
15:20:26.548 [pool-1-thread-1] DEBUG net.thucydides.core.reports.json.JSONTestOutcomeReporter - Generating JSON report for Creacion exitosa de un usuario nuevo to file /Users/macbookpro/IdeaProjects/com.curso.qa/target/site/serenity/a3f6ca196d17fe8eeb07eaae9b9d958ecbee258eafccc84b5af22f8303d532fd.json (using temp file /Users/macbookpro/IdeaProjects/com.curso.qa/target/site/serenity/a3f6ca196d17fe8eeb07eaae9b9d958ecbee258eafccc84b5af22f8303d532fd.json3fd0e79f-3028-4577-8b5b-c5814af9073a)
15:20:26.624 [pool-1-thread-1] DEBUG net.thucydides.core.reports.ReportService - Processing test outcome Registro de nuevos usuarios:Creacion exitosa de un usuario nuevo done
15:20:26.625 [Test worker] DEBUG net.thucydides.core.reports.ReportService - Shutting down executor service
15:20:26.626 [Test worker] DEBUG net.thucydides.core.reports.ReportService - Reports generated in: 96 ms
15:20:26.627 [Test worker] DEBUG net.thucydides.core.reports.ReportService - Generating reports for 1 test outcomes using: net.thucydides.core.reports.html.HtmlAcceptanceTestReporter@b3131ad
15:20:26.628 [pool-2-thread-1] DEBUG net.thucydides.core.reports.ReportService - Processing test outcome Registro de nuevos usuarios:Creacion exitosa de un usuario nuevo
15:20:26.629 [pool-2-thread-1] DEBUG net.thucydides.core.reports.ReportService - net.thucydides.core.reports.html.HtmlAcceptanceTestReporter@b3131ad: Generating report for test outcome: Registro de nuevos usuarios:Creacion exitosa de un usuario nuevo
15:20:26.629 [pool-2-thread-1] DEBUG net.thucydides.core.reports.html.HtmlAcceptanceTestReporter - GENERATE TEST OUTCOME REPORT FOR Creacion exitosa de un usuario nuevo in a3f6ca196d17fe8eeb07eaae9b9d958ecbee258eafccc84b5af22f8303d532fd
15:20:26.662 [pool-2-thread-1] DEBUG net.thucydides.core.requirements.PackageRequirementsTagProvider - Loading requirements from package requirements at: starter
15:20:28.199 [pool-2-thread-1] DEBUG net.thucydides.core.requirements.model.cucumber.CucumberParser - Found no Cucumber 4.2.6 class cucumber.runtime.model.FeatureLoader try Cucumber 4.2.0 
15:20:28.209 [pool-2-thread-1] DEBUG net.thucydides.core.requirements.model.cucumber.CucumberParser - Found no Cucumber 4.2.0 class cucumber.runtime.model.FeatureLoader try Cucumber 2.x.x 
15:20:28.229 [pool-2-thread-1] DEBUG net.thucydides.core.requirements.RequirementsTagProvider -  found:[Requirement{name='Registro de nuevos usuarios', type='feature' parent = 'null', cardNumber='null'}]
15:20:28.238 [pool-2-thread-1] DEBUG net.thucydides.core.requirements.BaseRequirementsService - Requirement found for test outcome Creacion exitosa de un usuario nuevo-[]: Optional[Requirement{name='Registro de nuevos usuarios', type='feature' parent = 'null', cardNumber='null'}]
15:20:28.266 [pool-2-thread-1] DEBUG net.thucydides.core.requirements.BaseRequirementsService - Requirement found for test outcome Creacion exitosa de un usuario nuevo-[]: Optional[Requirement{name='Registro de nuevos usuarios', type='feature' parent = 'null', cardNumber='null'}]
15:20:28.484 [pool-2-thread-1] DEBUG net.thucydides.core.requirements.BaseRequirementsService - Requirement found for test outcome Creacion exitosa de un usuario nuevo-[]: Optional[Requirement{name='Registro de nuevos usuarios', type='feature' parent = 'null', cardNumber='null'}]
15:20:28.486 [pool-2-thread-1] DEBUG net.thucydides.core.requirements.BaseRequirementsService - Requirement found for test outcome Creacion exitosa de un usuario nuevo-[]: Optional[Requirement{name='Registro de nuevos usuarios', type='feature' parent = 'null', cardNumber='null'}]
15:20:28.491 [pool-2-thread-1] DEBUG net.thucydides.core.reports.html.HtmlAcceptanceTestReporter - Generating report in a3f6ca196d17fe8eeb07eaae9b9d958ecbee258eafccc84b5af22f8303d532fd_screenshots.html
15:20:29.991 [pool-2-thread-1] DEBUG net.thucydides.core.reports.html.HtmlAcceptanceTestReporter - Generated report a3f6ca196d17fe8eeb07eaae9b9d958ecbee258eafccc84b5af22f8303d532fd_screenshots.html in 1500 ms
15:20:29.993 [pool-2-thread-1] DEBUG net.thucydides.core.reports.html.HtmlAcceptanceTestReporter - GENERATING HTML REPORT FOR Registro de nuevos usuarios:Creacion exitosa de un usuario nuevo in a3f6ca196d17fe8eeb07eaae9b9d958ecbee258eafccc84b5af22f8303d532fd.html in directory /Users/macbookpro/IdeaProjects/com.curso.qa/target/site/serenity  
15:20:29.995 [pool-2-thread-1] DEBUG net.thucydides.core.reports.html.HtmlAcceptanceTestReporter - Generating report in a3f6ca196d17fe8eeb07eaae9b9d958ecbee258eafccc84b5af22f8303d532fd.html
15:20:30.411 [pool-2-thread-1] DEBUG net.thucydides.core.reports.html.HtmlAcceptanceTestReporter - Generated report a3f6ca196d17fe8eeb07eaae9b9d958ecbee258eafccc84b5af22f8303d532fd.html in 416 ms
15:20:30.412 [pool-2-thread-1] DEBUG net.thucydides.core.reports.ReportService - Processing test outcome Registro de nuevos usuarios:Creacion exitosa de un usuario nuevo done
15:20:30.412 [Test worker] DEBUG net.thucydides.core.reports.ReportService - Shutting down executor service
15:20:30.412 [Test worker] DEBUG net.thucydides.core.reports.ReportService - Reports generated in: 3785 ms
15:20:30.760 [Test worker] DEBUG net.serenitybdd.core.photography.Darkroom - Closing darkroom
15:20:30.760 [Darkroom Processing Line] DEBUG net.serenitybdd.core.photography.DarkroomProcessingLine - Darkroom processing line shutting down

?[31mFailed scenarios:?[0m
?[31m/Users/macbookpro/IdeaProjects/com.curso.qa/src/test/resources/features/formulario_registro.feature:9 ?[0m# Creacion exitosa de un usuario nuevo

1 Scenarios (?[31m1 failed?[0m)
3 Steps (?[31m1 failed?[0m, ?[32m2 passed?[0m)
0m56,868s

java.lang.AssertionError: Expected condition failed: waiting for Expecting element is displayed: By.xpath: //strong[contains(.,'Nothing Booked Yet')] (tried for 30 second(s) with 50 milliseconds interval)
Build info: version: '3.141.59', revision: 'e82be7d358', time: '2018-11-14T08:17:03'
System info: host: 'MacBook-Pro-de-Macbook-2.local', ip: 'fe80:0:0:0:104b:5031:edf0:3f2f%en0', os.name: 'Mac OS X', os.arch: 'x86_64', os.version: '10.15.7', java.version: '10.0.2'
Driver info: driver.version: unknown
	at net.serenitybdd.screenplay.ErrorTally.throwSummaryExceptionFrom(ErrorTally.java:36)
	at net.serenitybdd.screenplay.ErrorTally.reportAnyErrors(ErrorTally.java:30)
	at net.serenitybdd.screenplay.Actor.should(Actor.java:316)
	at com.curso.qa.stepsdefinitions.FormularioRegistroStepsDefinitions.elDeberiaPoderVerElMensajeDeCreacionExitosaDelUsuario(FormularioRegistroStepsDefinitions.java:52)
	at âœ½.El deberia poder ver el mensaje de creacion exitosa del usuario(/Users/macbookpro/IdeaProjects/com.curso.qa/src/test/resources/features/formulario_registro.feature:13)

]]></system-out>
  <system-err><![CDATA[]]></system-err>
</testsuite>
